{"level":"warn","message":"apiUserController -->  passport NO loggeado","timestamp":"2022-08-26T23:34:38.874Z"}
{"level":"warn","message":"apiUserController -->  passport NO loggeado","timestamp":"2022-08-26T23:34:38.877Z"}
{"level":"warn","message":"apiLoginControllers --> passport NOT logged","timestamp":"2022-08-27T05:43:30.143Z"}
{"level":"warn","message":"apiUserController -->  passport NO loggeado","timestamp":"2022-08-27T05:43:30.148Z"}
{"level":"warn","message":"apiUserController -->  passport NO loggeado","timestamp":"2022-08-27T05:43:30.671Z"}
{"level":"warn","message":"apiUserController -->  passport NO loggeado","timestamp":"2022-08-27T23:52:36.451Z"}
{"level":"warn","message":"apiUserController -->  passport NO loggeado","timestamp":"2022-08-27T23:52:36.465Z"}
{"level":"warn","message":"apiLoginControllers --> passport NOT logged","timestamp":"2022-08-27T23:53:39.872Z"}
{"level":"warn","message":"apiUserController -->  passport NO loggeado","timestamp":"2022-08-27T23:53:39.875Z"}
{"level":"warn","message":"apiUserController -->  passport NO loggeado","timestamp":"2022-08-27T23:53:40.405Z"}
{"level":"warn","message":"userControllers -->  el nombre de usuario ya existe","timestamp":"2022-08-27T23:53:47.053Z"}
{"level":"error","message":"Sms sender --> Error: The 'To' number +1231231231 is not a valid phone number.","timestamp":"2022-08-27T23:54:29.731Z"}
{"level":"error","message":"Sms sender --> Error: The 'To' number +1231231231 is not a valid phone number.","timestamp":"2022-08-27T23:55:13.128Z"}
{"level":"error","message":"Sms sender --> Error: The 'To' number +1231231231 is not a valid phone number.","timestamp":"2022-08-27T23:56:53.130Z"}
{"level":"error","message":"Sms sender --> Error: The 'To' number +1231231231 is not a valid phone number.","timestamp":"2022-08-27T23:57:10.094Z"}
{"level":"warn","message":"apiUserController -->  passport NO loggeado","timestamp":"2022-08-27T23:59:36.149Z"}
{"level":"warn","message":"apiLoginControllers --> passport NOT logged","timestamp":"2022-08-27T23:59:37.893Z"}
{"level":"warn","message":"apiUserController -->  passport NO loggeado","timestamp":"2022-08-27T23:59:37.898Z"}
{"level":"warn","message":"apiUserController -->  passport NO loggeado","timestamp":"2022-08-27T23:59:40.407Z"}
{"level":"warn","message":"apiUserController -->  passport NO loggeado","timestamp":"2022-08-27T23:59:44.975Z"}
{"level":"warn","message":"apiUserController -->  passport NO loggeado","timestamp":"2022-08-27T23:59:45.927Z"}
{"level":"warn","message":"apiLoginControllers --> passport NOT logged","timestamp":"2022-08-27T23:59:45.954Z"}
{"level":"warn","message":"apiUserController -->  passport NO loggeado","timestamp":"2022-08-27T23:59:46.597Z"}
{"level":"warn","message":"userControllers -->  el nombre de usuario ya existe","timestamp":"2022-08-27T23:59:56.958Z"}
{"level":"error","message":"Sms sender --> Error: The 'To' number +12323121 is not a valid phone number.","timestamp":"2022-08-28T00:00:26.421Z"}
{"level":"warn","message":"apiLoginControllers --> passport NOT logged","timestamp":"2022-08-28T00:02:24.599Z"}
{"level":"warn","message":"apiUserController -->  passport NO loggeado","timestamp":"2022-08-28T00:02:24.604Z"}
{"level":"warn","message":"apiUserController -->  passport NO loggeado","timestamp":"2022-08-28T00:02:25.457Z"}
{"level":"warn","message":"userControllers -->  el nombre de usuario ya existe","timestamp":"2022-08-28T00:02:41.114Z"}
{"level":"error","message":"Sms sender --> Error: The 'To' number +1169582639 is not a valid phone number.","timestamp":"2022-08-28T00:02:57.161Z"}
{"level":"warn","message":"apiLoginControllers --> passport NOT logged","timestamp":"2022-08-28T00:04:06.579Z"}
{"level":"warn","message":"apiUserController -->  passport NO loggeado","timestamp":"2022-08-28T00:04:06.586Z"}
{"level":"warn","message":"apiUserController -->  passport NO loggeado","timestamp":"2022-08-28T00:04:07.510Z"}
{"level":"warn","message":"userControllers -->  el nombre de usuario ya existe","timestamp":"2022-08-28T00:04:27.792Z"}
{"level":"error","message":"Sms sender --> Error: The number  is unverified. Trial accounts cannot send messages to unverified numbers; verify  at twilio.com/user/account/phone-numbers/verified, or purchase a Twilio number to send messages to unverified numbers.","timestamp":"2022-08-28T00:04:41.692Z"}
{"level":"warn","message":"apiLoginControllers --> passport NOT logged","timestamp":"2022-08-28T00:05:02.902Z"}
{"level":"warn","message":"apiUserController -->  passport NO loggeado","timestamp":"2022-08-28T00:05:02.906Z"}
{"level":"warn","message":"apiUserController -->  passport NO loggeado","timestamp":"2022-08-28T00:05:03.545Z"}
{"level":"warn","message":"userControllers -->  el nombre de usuario ya existe","timestamp":"2022-08-28T00:05:18.454Z"}
{"level":"warn","message":"apiUserController -->  passport NO loggeado","timestamp":"2022-08-28T00:15:02.484Z"}
{"level":"warn","message":"apiUserController -->  passport NO loggeado","timestamp":"2022-08-28T00:15:02.487Z"}
{"level":"warn","message":"apiLoginControllers --> passport NOT logged","timestamp":"2022-08-28T00:15:03.118Z"}
{"level":"warn","message":"apiUserController -->  passport NO loggeado","timestamp":"2022-08-28T00:15:03.124Z"}
{"level":"warn","message":"apiUserController -->  passport NO loggeado","timestamp":"2022-08-28T00:15:03.789Z"}
{"level":"error","message":"Sms sender --> Error: The number  is unverified. Trial accounts cannot send messages to unverified numbers; verify  at twilio.com/user/account/phone-numbers/verified, or purchase a Twilio number to send messages to unverified numbers.","timestamp":"2022-08-28T00:23:25.269Z"}
