{"level":"error","message":"daoIndex -->  SyntaxError: Private field '#collection' must be declared in an enclosing class","timestamp":"2022-10-05T02:55:53.214Z"}
{"level":"error","message":"daoIndex -->  SyntaxError: Private field '#collection' must be declared in an enclosing class","timestamp":"2022-10-05T02:56:42.083Z"}
{"level":"error","message":"daoIndex -->  SyntaxError: Private field '#collection' must be declared in an enclosing class","timestamp":"2022-10-05T02:58:07.314Z"}
{"level":"error","message":"daoIndex -->  SyntaxError: Private field '#collection' must be declared in an enclosing class","timestamp":"2022-10-05T02:58:10.537Z"}
{"level":"error","message":"daoIndex -->  SyntaxError: Private field '#collection' must be declared in an enclosing class","timestamp":"2022-10-05T02:58:13.253Z"}
{"level":"error","message":"daoIndex -->  SyntaxError: Private field '#collection' must be declared in an enclosing class","timestamp":"2022-10-05T02:58:16.949Z"}
{"level":"error","message":"daoIndex -->  SyntaxError: Private field '#collection' must be declared in an enclosing class","timestamp":"2022-10-05T02:58:20.315Z"}
{"level":"error","message":"daoIndex -->  SyntaxError: Private field '#collection' must be declared in an enclosing class","timestamp":"2022-10-05T02:58:24.975Z"}
{"level":"error","message":"daoIndex -->  SyntaxError: Private field '#collection' must be declared in an enclosing class","timestamp":"2022-10-05T02:58:33.566Z"}
{"level":"error","message":"daoIndex -->  SyntaxError: Private field '#collection' must be declared in an enclosing class","timestamp":"2022-10-05T02:58:38.526Z"}
{"level":"error","message":"daoIndex -->  SyntaxError: Private field '#collection' must be declared in an enclosing class","timestamp":"2022-10-05T02:58:42.755Z"}
{"level":"error","message":"daoIndex -->  SyntaxError: Private field '#collection' must be declared in an enclosing class","timestamp":"2022-10-05T02:58:46.438Z"}
{"level":"error","message":"daoIndex -->  SyntaxError: Private field '#collection' must be declared in an enclosing class","timestamp":"2022-10-05T02:58:50.428Z"}
{"level":"error","message":"daoIndex -->  SyntaxError: Private field '#collection' must be declared in an enclosing class","timestamp":"2022-10-05T02:59:00.320Z"}
{"level":"error","message":"daoIndex -->  SyntaxError: Private field '#collection' must be declared in an enclosing class","timestamp":"2022-10-05T02:59:01.503Z"}
{"level":"error","message":"daoIndex -->  SyntaxError: Private field '#collection' must be declared in an enclosing class","timestamp":"2022-10-05T03:00:59.099Z"}
{"level":"error","message":"productControllers -->  TypeError: Cannot destructure property 'name' of 'undefined' as it is undefined.","timestamp":"2022-10-05T03:01:01.975Z"}
{"level":"error","message":"daoIndex -->  SyntaxError: Private field '#collection' must be declared in an enclosing class","timestamp":"2022-10-05T03:02:08.147Z"}
{"level":"error","message":"productService -->  TypeError: Cannot read properties of undefined (reading 'listAll')","timestamp":"2022-10-05T03:02:10.877Z"}
{"level":"error","message":"daoIndex -->  SyntaxError: Private field '#collection' must be declared in an enclosing class","timestamp":"2022-10-05T03:04:29.379Z"}
{"level":"error","message":"daoIndex -->  SyntaxError: Private field '#collection' must be declared in an enclosing class","timestamp":"2022-10-05T03:04:33.148Z"}
{"level":"error","message":"daoIndex -->  SyntaxError: Private field '#collection' must be declared in an enclosing class","timestamp":"2022-10-05T03:04:37.239Z"}
{"level":"error","message":"daoIndex -->  ReferenceError: log is not defined","timestamp":"2022-10-05T03:05:02.738Z"}
{"level":"error","message":"daoIndex -->  SyntaxError: Private field '#collection' must be declared in an enclosing class","timestamp":"2022-10-05T03:05:08.209Z"}
{"level":"error","message":"daoIndex -->  SyntaxError: Private field '#collection' must be declared in an enclosing class","timestamp":"2022-10-05T03:05:19.995Z"}
{"level":"error","message":"daoIndex -->  SyntaxError: Private field '#collection' must be declared in an enclosing class","timestamp":"2022-10-05T03:05:28.879Z"}
{"level":"error","message":"daoIndex -->  SyntaxError: Private field '#collection' must be declared in an enclosing class","timestamp":"2022-10-05T03:05:34.728Z"}
{"level":"error","message":"daoIndex -->  SyntaxError: Private field '#collection' must be declared in an enclosing class","timestamp":"2022-10-05T03:05:38.106Z"}
{"level":"error","message":"daoIndex -->  SyntaxError: Private field '#collection' must be declared in an enclosing class","timestamp":"2022-10-05T03:06:28.157Z"}
{"level":"error","message":"daoIndex -->  SyntaxError: Private field '#collection' must be declared in an enclosing class","timestamp":"2022-10-05T03:06:37.560Z"}
{"level":"info","message":"Colección ya existente, no se realizaron cambios","timestamp":"2022-10-05T03:11:48.056Z"}
{"level":"info","message":"Colección ya existente, no se realizaron cambios","timestamp":"2022-10-05T03:11:49.180Z"}
{"level":"info","message":"Colección ya existente, no se realizaron cambios","timestamp":"2022-10-05T03:11:51.347Z"}
{"level":"info","message":"Colección ya existente, no se realizaron cambios","timestamp":"2022-10-05T03:11:54.338Z"}
{"level":"info","message":"Colección ya existente, no se realizaron cambios","timestamp":"2022-10-05T03:11:57.227Z"}
{"level":"info","message":"Colección ya existente, no se realizaron cambios","timestamp":"2022-10-05T03:12:06.977Z"}
{"level":"info","message":"Colección ya existente, no se realizaron cambios","timestamp":"2022-10-05T03:12:08.070Z"}
