{"level":"error","message":"daoMongoAtlas --> el id es requerido","timestamp":"2022-10-07T22:09:26.018Z"}
{"level":"error","message":"daoMongoAtlas --> el id es requerido","timestamp":"2022-10-07T22:09:26.063Z"}
{"level":"error","message":"daoMongoAtlas --> el id es requerido","timestamp":"2022-10-07T22:09:27.254Z"}
{"level":"error","message":"daoMongoAtlas --> el id es requerido","timestamp":"2022-10-07T22:09:27.297Z"}
{"level":"error","message":"daoMongoAtlas --> el id es requerido","timestamp":"2022-10-07T22:09:27.956Z"}
{"level":"error","message":"daoMongoAtlas --> el id es requerido","timestamp":"2022-10-07T22:09:27.999Z"}
{"level":"error","message":"daoMongoAtlas --> el id es requerido","timestamp":"2022-10-07T22:09:30.358Z"}
{"level":"error","message":"daoMongoAtlas --> el id es requerido","timestamp":"2022-10-07T22:09:30.403Z"}
{"level":"error","message":"daoMongoAtlas --> el id es requerido","timestamp":"2022-10-07T22:10:34.441Z"}
{"level":"error","message":"daoMongoAtlas --> el id es requerido","timestamp":"2022-10-07T22:10:34.481Z"}
{"level":"error","message":"daoMongoAtlas --> el id es requerido","timestamp":"2022-10-07T22:11:45.601Z"}
{"level":"error","message":"daoMongoAtlas --> el id es requerido","timestamp":"2022-10-07T22:11:45.646Z"}
{"level":"error","message":"daoMongoAtlas --> el id es requerido","timestamp":"2022-10-07T22:12:13.359Z"}
{"level":"error","message":"daoMongoAtlas --> el id es requerido","timestamp":"2022-10-07T22:12:13.402Z"}
{"level":"error","message":"daoMongoAtlas --> el id es requerido","timestamp":"2022-10-07T22:12:26.835Z"}
{"level":"error","message":"daoMongoAtlas --> el id es requerido","timestamp":"2022-10-07T22:12:26.880Z"}
{"level":"error","message":"daoMongoAtlas --> el id es requerido","timestamp":"2022-10-07T22:12:27.464Z"}
{"level":"error","message":"daoMongoAtlas --> el id es requerido","timestamp":"2022-10-07T22:12:27.515Z"}
{"level":"error","message":"daoMongoAtlas --> el id es requerido","timestamp":"2022-10-07T22:12:28.113Z"}
{"level":"error","message":"daoMongoAtlas --> el id es requerido","timestamp":"2022-10-07T22:12:28.152Z"}
{"level":"error","message":"daoMongoAtlas --> el id es requerido","timestamp":"2022-10-07T22:12:31.233Z"}
{"level":"error","message":"daoMongoAtlas --> el id es requerido","timestamp":"2022-10-07T22:12:31.274Z"}
{"level":"error","message":"daoMongoAtlas --> el id es requerido","timestamp":"2022-10-07T22:14:37.276Z"}
{"level":"error","message":"daoMongoAtlas --> el id es requerido","timestamp":"2022-10-07T22:14:37.319Z"}
{"level":"error","message":"daoMongoAtlas --> el id es requerido","timestamp":"2022-10-07T22:14:39.796Z"}
{"level":"error","message":"daoMongoAtlas --> el id es requerido","timestamp":"2022-10-07T22:14:39.836Z"}
{"level":"warn","message":"carts controllers --> producto no encontrado","timestamp":"2022-10-07T22:31:05.759Z"}
{"level":"warn","message":"carts controllers --> producto no encontrado","timestamp":"2022-10-07T22:37:35.297Z"}
{"level":"warn","message":"carts controllers --> producto no encontrado","timestamp":"2022-10-07T23:25:38.868Z"}
{"level":"warn","message":"daoMongoAtlas --> objeto no encontrado","timestamp":"2022-10-07T23:25:38.920Z"}
{"level":"warn","message":"carts controllers --> producto no encontrado","timestamp":"2022-10-07T23:26:39.367Z"}
{"level":"warn","message":"daoMongoAtlas --> objeto no encontrado","timestamp":"2022-10-07T23:26:39.412Z"}
{"level":"warn","message":"carts controllers --> producto no encontrado","timestamp":"2022-10-07T23:32:20.697Z"}
{"level":"warn","message":"carts controllers --> producto no encontrado","timestamp":"2022-10-07T23:32:23.161Z"}
{"level":"warn","message":"carts controllers --> producto no encontrado","timestamp":"2022-10-07T23:32:23.874Z"}
{"level":"warn","message":"carts controllers --> producto no encontrado","timestamp":"2022-10-07T23:32:24.505Z"}
{"level":"error","message":"user --> el password es requerido","timestamp":"2022-10-08T00:04:39.880Z"}
{"level":"error","message":"user --> el password es requerido","timestamp":"2022-10-08T00:06:37.902Z"}
{"level":"warn","message":"daoMongoAtlas --> objeto no encontrado","timestamp":"2022-10-08T00:11:01.616Z"}
{"level":"warn","message":"carts controllers --> producto no encontrado","timestamp":"2022-10-08T00:16:23.671Z"}
{"level":"warn","message":"carts controllers --> producto no encontrado","timestamp":"2022-10-08T00:16:45.337Z"}
{"level":"warn","message":"carts controllers --> producto no encontrado","timestamp":"2022-10-08T00:16:46.481Z"}
{"level":"warn","message":"carts controllers --> producto no encontrado","timestamp":"2022-10-08T00:16:48.472Z"}
{"level":"warn","message":"carts controllers --> producto no encontrado","timestamp":"2022-10-08T00:16:50.814Z"}
{"level":"warn","message":"carts controllers --> producto no encontrado","timestamp":"2022-10-08T00:16:51.456Z"}
{"level":"warn","message":"carts controllers --> producto no encontrado","timestamp":"2022-10-08T00:16:52.133Z"}
{"level":"warn","message":"carts controllers --> producto no encontrado","timestamp":"2022-10-08T00:16:52.768Z"}
{"level":"warn","message":"carts controllers --> producto no encontrado","timestamp":"2022-10-08T00:17:14.774Z"}
{"level":"warn","message":"carts controllers --> producto no encontrado","timestamp":"2022-10-08T00:18:45.880Z"}
{"level":"warn","message":"carts controllers --> producto no encontrado","timestamp":"2022-10-08T00:20:32.029Z"}
{"level":"warn","message":"carts controllers --> producto no encontrado","timestamp":"2022-10-08T00:20:32.745Z"}
{"level":"warn","message":"carts controllers --> producto no encontrado","timestamp":"2022-10-08T00:20:33.326Z"}
{"level":"warn","message":"carts controllers --> producto no encontrado","timestamp":"2022-10-08T00:20:33.922Z"}
{"level":"warn","message":"carts controllers --> producto no encontrado","timestamp":"2022-10-08T00:20:34.746Z"}
{"level":"warn","message":"carts controllers --> producto no encontrado","timestamp":"2022-10-08T00:20:35.341Z"}
{"level":"warn","message":"carts controllers --> producto no encontrado","timestamp":"2022-10-08T00:20:35.699Z"}
{"level":"warn","message":"carts controllers --> producto no encontrado","timestamp":"2022-10-08T00:20:35.973Z"}
{"level":"warn","message":"carts controllers --> producto no encontrado","timestamp":"2022-10-08T00:20:36.193Z"}
{"level":"warn","message":"carts controllers --> producto no encontrado","timestamp":"2022-10-08T00:20:36.373Z"}
{"level":"warn","message":"carts controllers --> producto no encontrado","timestamp":"2022-10-08T00:20:36.563Z"}
{"level":"warn","message":"carts controllers --> producto no encontrado","timestamp":"2022-10-08T00:20:36.731Z"}
{"level":"warn","message":"carts controllers --> producto no encontrado","timestamp":"2022-10-08T00:20:36.897Z"}
{"level":"warn","message":"carts controllers --> producto no encontrado","timestamp":"2022-10-08T00:20:37.074Z"}
{"level":"warn","message":"carts controllers --> producto no encontrado","timestamp":"2022-10-08T00:20:37.253Z"}
{"level":"warn","message":"carts controllers --> producto no encontrado","timestamp":"2022-10-08T00:20:37.429Z"}
{"level":"warn","message":"carts controllers --> producto no encontrado","timestamp":"2022-10-08T00:20:37.598Z"}
{"level":"warn","message":"carts controllers --> producto no encontrado","timestamp":"2022-10-08T00:21:46.780Z"}
{"level":"warn","message":"carts controllers --> producto no encontrado","timestamp":"2022-10-08T00:21:47.704Z"}
{"level":"warn","message":"carts controllers --> producto no encontrado","timestamp":"2022-10-08T00:21:48.359Z"}
{"level":"warn","message":"carts controllers --> producto no encontrado","timestamp":"2022-10-08T00:22:46.040Z"}
{"level":"warn","message":"carts controllers --> producto no encontrado","timestamp":"2022-10-08T00:23:49.760Z"}
{"level":"warn","message":"carts controllers --> producto no encontrado","timestamp":"2022-10-08T00:24:49.222Z"}
{"level":"warn","message":"carts controllers --> producto no encontrado","timestamp":"2022-10-08T00:25:27.752Z"}
{"level":"error","message":"orders controllers --> el carrito no tiene productos actualmente","timestamp":"2022-10-08T00:35:20.699Z"}
{"level":"error","message":"jwt --> usuario no encontrado","timestamp":"2022-10-08T00:43:46.586Z"}
{"level":"error","message":"order controllers --> el usuario no tiene ordernes actualmente","timestamp":"2022-10-08T00:54:54.878Z"}
{"level":"warn","message":"carts controllers --> producto no encontrado","timestamp":"2022-10-08T00:55:08.914Z"}
{"level":"warn","message":"carts controllers --> producto no encontrado","timestamp":"2022-10-08T00:55:22.007Z"}
{"level":"warn","message":"carts controllers --> producto no encontrado","timestamp":"2022-10-08T00:55:36.365Z"}
{"level":"error","message":"isAdmin --> el usuario no es admin","timestamp":"2022-10-08T01:01:27.514Z"}
{"$clusterTime":{"clusterTime":{"$timestamp":"7151941234485886977"},"signature":{"hash":"SczKvujWZOG7XT3BfjLFQHJZnoo=","keyId":{"high":1655834355,"low":5,"unsigned":false}}},"code":48,"codeName":"NamespaceExists","level":"error","ok":0,"operationTime":{"$timestamp":"7151941234485886977"},"timestamp":"2022-10-08T01:04:42.756Z"}
{"$clusterTime":{"clusterTime":{"$timestamp":"7151941234485886977"},"signature":{"hash":"SczKvujWZOG7XT3BfjLFQHJZnoo=","keyId":{"high":1655834355,"low":5,"unsigned":false}}},"code":48,"codeName":"NamespaceExists","level":"error","ok":0,"operationTime":{"$timestamp":"7151941234485886977"},"timestamp":"2022-10-08T01:04:42.799Z"}
{"$clusterTime":{"clusterTime":{"$timestamp":"7151941234485886977"},"signature":{"hash":"SczKvujWZOG7XT3BfjLFQHJZnoo=","keyId":{"high":1655834355,"low":5,"unsigned":false}}},"code":48,"codeName":"NamespaceExists","level":"error","ok":0,"operationTime":{"$timestamp":"7151941234485886977"},"timestamp":"2022-10-08T01:04:42.847Z"}
{"$clusterTime":{"clusterTime":{"$timestamp":"7151941234485886977"},"signature":{"hash":"SczKvujWZOG7XT3BfjLFQHJZnoo=","keyId":{"high":1655834355,"low":5,"unsigned":false}}},"code":48,"codeName":"NamespaceExists","level":"error","ok":0,"operationTime":{"$timestamp":"7151941234485886977"},"timestamp":"2022-10-08T01:04:42.849Z"}
{"$clusterTime":{"clusterTime":{"$timestamp":"7151941234485886977"},"signature":{"hash":"SczKvujWZOG7XT3BfjLFQHJZnoo=","keyId":{"high":1655834355,"low":5,"unsigned":false}}},"code":48,"codeName":"NamespaceExists","level":"error","ok":0,"operationTime":{"$timestamp":"7151941234485886977"},"timestamp":"2022-10-08T01:04:43.134Z"}
{"$clusterTime":{"clusterTime":{"$timestamp":"7151941234485886977"},"signature":{"hash":"SczKvujWZOG7XT3BfjLFQHJZnoo=","keyId":{"high":1655834355,"low":5,"unsigned":false}}},"code":48,"codeName":"NamespaceExists","level":"error","ok":0,"operationTime":{"$timestamp":"7151941234485886977"},"timestamp":"2022-10-08T01:04:43.135Z"}
{"$clusterTime":{"clusterTime":{"$timestamp":"7151941346155036673"},"signature":{"hash":"PggB/Z8QocYNmnrR8wdCxH/svM8=","keyId":{"high":1655834355,"low":5,"unsigned":false}}},"code":48,"codeName":"NamespaceExists","level":"error","ok":0,"operationTime":{"$timestamp":"7151941346155036673"},"timestamp":"2022-10-08T01:05:08.861Z"}
{"$clusterTime":{"clusterTime":{"$timestamp":"7151941346155036674"},"signature":{"hash":"PggB/Z8QocYNmnrR8wdCxH/svM8=","keyId":{"high":1655834355,"low":5,"unsigned":false}}},"code":48,"codeName":"NamespaceExists","level":"error","ok":0,"operationTime":{"$timestamp":"7151941346155036674"},"timestamp":"2022-10-08T01:05:08.892Z"}
{"$clusterTime":{"clusterTime":{"$timestamp":"7151941346155036674"},"signature":{"hash":"PggB/Z8QocYNmnrR8wdCxH/svM8=","keyId":{"high":1655834355,"low":5,"unsigned":false}}},"code":48,"codeName":"NamespaceExists","level":"error","ok":0,"operationTime":{"$timestamp":"7151941346155036674"},"timestamp":"2022-10-08T01:05:08.942Z"}
{"$clusterTime":{"clusterTime":{"$timestamp":"7151941346155036674"},"signature":{"hash":"PggB/Z8QocYNmnrR8wdCxH/svM8=","keyId":{"high":1655834355,"low":5,"unsigned":false}}},"code":48,"codeName":"NamespaceExists","level":"error","ok":0,"operationTime":{"$timestamp":"7151941346155036674"},"timestamp":"2022-10-08T01:05:08.946Z"}
{"$clusterTime":{"clusterTime":{"$timestamp":"7151941346155036674"},"signature":{"hash":"PggB/Z8QocYNmnrR8wdCxH/svM8=","keyId":{"high":1655834355,"low":5,"unsigned":false}}},"code":48,"codeName":"NamespaceExists","level":"error","ok":0,"operationTime":{"$timestamp":"7151941346155036674"},"timestamp":"2022-10-08T01:05:09.125Z"}
{"$clusterTime":{"clusterTime":{"$timestamp":"7151941346155036674"},"signature":{"hash":"PggB/Z8QocYNmnrR8wdCxH/svM8=","keyId":{"high":1655834355,"low":5,"unsigned":false}}},"code":48,"codeName":"NamespaceExists","level":"error","ok":0,"operationTime":{"$timestamp":"7151941346155036674"},"timestamp":"2022-10-08T01:05:09.280Z"}
{"$clusterTime":{"clusterTime":{"$timestamp":"7151941410579546113"},"signature":{"hash":"5ZrsX++TRp5N0fFT5mnGCwmY4Ms=","keyId":{"high":1655834355,"low":5,"unsigned":false}}},"code":48,"codeName":"NamespaceExists","level":"error","ok":0,"operationTime":{"$timestamp":"7151941410579546113"},"timestamp":"2022-10-08T01:05:23.313Z"}
{"$clusterTime":{"clusterTime":{"$timestamp":"7151941410579546113"},"signature":{"hash":"5ZrsX++TRp5N0fFT5mnGCwmY4Ms=","keyId":{"high":1655834355,"low":5,"unsigned":false}}},"code":48,"codeName":"NamespaceExists","level":"error","ok":0,"operationTime":{"$timestamp":"7151941410579546113"},"timestamp":"2022-10-08T01:05:23.354Z"}
{"$clusterTime":{"clusterTime":{"$timestamp":"7151941410579546113"},"signature":{"hash":"5ZrsX++TRp5N0fFT5mnGCwmY4Ms=","keyId":{"high":1655834355,"low":5,"unsigned":false}}},"code":48,"codeName":"NamespaceExists","level":"error","ok":0,"operationTime":{"$timestamp":"7151941410579546113"},"timestamp":"2022-10-08T01:05:23.371Z"}
{"$clusterTime":{"clusterTime":{"$timestamp":"7151941410579546114"},"signature":{"hash":"5ZrsX++TRp5N0fFT5mnGCwmY4Ms=","keyId":{"high":1655834355,"low":5,"unsigned":false}}},"code":48,"codeName":"NamespaceExists","level":"error","ok":0,"operationTime":{"$timestamp":"7151941410579546114"},"timestamp":"2022-10-08T01:05:23.430Z"}
{"$clusterTime":{"clusterTime":{"$timestamp":"7151941410579546114"},"signature":{"hash":"5ZrsX++TRp5N0fFT5mnGCwmY4Ms=","keyId":{"high":1655834355,"low":5,"unsigned":false}}},"code":48,"codeName":"NamespaceExists","level":"error","ok":0,"operationTime":{"$timestamp":"7151941410579546114"},"timestamp":"2022-10-08T01:05:23.635Z"}
{"$clusterTime":{"clusterTime":{"$timestamp":"7151941410579546114"},"signature":{"hash":"5ZrsX++TRp5N0fFT5mnGCwmY4Ms=","keyId":{"high":1655834355,"low":5,"unsigned":false}}},"code":48,"codeName":"NamespaceExists","level":"error","ok":0,"operationTime":{"$timestamp":"7151941410579546114"},"timestamp":"2022-10-08T01:05:23.765Z"}
