{"level":"error","message":"Error --> Error: NOT_FOUND","timestamp":"2022-10-07T21:02:42.315Z"}
{"level":"error","message":"Error --> Error: FORBIDDEN","timestamp":"2022-10-07T21:43:29.996Z"}
{"level":"error","message":"daoMongoAtlas --> el id es requerido","timestamp":"2022-10-07T22:09:26.020Z"}
{"level":"error","message":"daoMongoAtlas --> el id es requerido","timestamp":"2022-10-07T22:09:26.063Z"}
{"level":"error","message":"daoMongoAtlas --> el id es requerido","timestamp":"2022-10-07T22:09:27.254Z"}
{"level":"error","message":"daoMongoAtlas --> el id es requerido","timestamp":"2022-10-07T22:09:27.297Z"}
{"level":"error","message":"daoMongoAtlas --> el id es requerido","timestamp":"2022-10-07T22:09:27.956Z"}
{"level":"error","message":"daoMongoAtlas --> el id es requerido","timestamp":"2022-10-07T22:09:27.999Z"}
{"level":"error","message":"daoMongoAtlas --> el id es requerido","timestamp":"2022-10-07T22:09:30.359Z"}
{"level":"error","message":"daoMongoAtlas --> el id es requerido","timestamp":"2022-10-07T22:09:30.403Z"}
{"level":"error","message":"daoMongoAtlas --> el id es requerido","timestamp":"2022-10-07T22:10:34.441Z"}
{"level":"error","message":"daoMongoAtlas --> el id es requerido","timestamp":"2022-10-07T22:10:34.481Z"}
{"level":"error","message":"daoMongoAtlas --> el id es requerido","timestamp":"2022-10-07T22:11:45.602Z"}
{"level":"error","message":"daoMongoAtlas --> el id es requerido","timestamp":"2022-10-07T22:11:45.647Z"}
{"level":"error","message":"daoMongoAtlas --> el id es requerido","timestamp":"2022-10-07T22:12:13.360Z"}
{"level":"error","message":"daoMongoAtlas --> el id es requerido","timestamp":"2022-10-07T22:12:13.403Z"}
{"level":"error","message":"daoMongoAtlas --> el id es requerido","timestamp":"2022-10-07T22:12:26.836Z"}
{"level":"error","message":"daoMongoAtlas --> el id es requerido","timestamp":"2022-10-07T22:12:26.880Z"}
{"level":"error","message":"daoMongoAtlas --> el id es requerido","timestamp":"2022-10-07T22:12:27.464Z"}
{"level":"error","message":"daoMongoAtlas --> el id es requerido","timestamp":"2022-10-07T22:12:27.515Z"}
{"level":"error","message":"daoMongoAtlas --> el id es requerido","timestamp":"2022-10-07T22:12:28.113Z"}
{"level":"error","message":"daoMongoAtlas --> el id es requerido","timestamp":"2022-10-07T22:12:28.153Z"}
{"level":"error","message":"daoMongoAtlas --> el id es requerido","timestamp":"2022-10-07T22:12:31.233Z"}
{"level":"error","message":"daoMongoAtlas --> el id es requerido","timestamp":"2022-10-07T22:12:31.274Z"}
{"level":"error","message":"daoMongoAtlas --> el id es requerido","timestamp":"2022-10-07T22:14:37.277Z"}
{"level":"error","message":"daoMongoAtlas --> el id es requerido","timestamp":"2022-10-07T22:14:37.319Z"}
{"level":"error","message":"daoMongoAtlas --> el id es requerido","timestamp":"2022-10-07T22:14:39.797Z"}
{"level":"error","message":"daoMongoAtlas --> el id es requerido","timestamp":"2022-10-07T22:14:39.837Z"}
{"level":"error","message":"user --> el password es requerido","timestamp":"2022-10-08T00:04:39.882Z"}
{"level":"error","message":"user --> el password es requerido","timestamp":"2022-10-08T00:06:37.903Z"}
{"level":"error","message":"orders controllers --> el carrito no tiene productos actualmente","timestamp":"2022-10-08T00:35:20.699Z"}
